********************************************************************************
product = WebSphere Application Server 17.0.0.1 (wlp-1.0.16.cl170120170227-0220)
wlp.install.dir = C:/wlp/
java.home = C:\Program Files\IBM\Java80\jre
java.version = 1.8.0
java.runtime = Java(TM) SE Runtime Environment (pwa6480sr4fp6-20170518_02 (SR4 FP6))
os = Windows 7 (6.1; amd64) (en_US)
process = 3836@ADMINIB-EAGUK6C
********************************************************************************
[8/17/17 14:29:46:918 IST] 00000001 com.ibm.ws.kernel.launch.internal.FrameworkManager           A CWWKE0001I: The server defaultServer has been launched.
[8/17/17 14:29:46:944 IST] 00000001 com.ibm.ws.kernel.launch.internal.FrameworkManager           A CWWKE0100I: This product is licensed for development, and limited production use. The full license terms can be viewed here: https://public.dhe.ibm.com/ibmdl/export/pub/software/websphere/wasdev/license/base_ilan/ilan/17.0.0.1/lafiles/en.html
[8/17/17 14:29:50:028 IST] 00000001 com.ibm.ws.kernel.launch.internal.FrameworkManager           I CWWKE0002I: The kernel started after 3.831 seconds
[8/17/17 14:29:50:138 IST] 0000001f com.ibm.ws.kernel.feature.internal.FeatureManager            I CWWKF0007I: Feature update started.
[8/17/17 14:29:53:225 IST] 00000018 com.ibm.ws.app.manager.internal.monitor.DropinMonitor        A CWWKZ0058I: Monitoring dropins for applications. 
[8/17/17 14:29:53:285 IST] 0000002c com.ibm.ws.tcpchannel.internal.TCPChannel                    I CWWKO0219I: TCP Channel defaultHttpEndpoint has been started and is now listening for requests on host 127.0.0.1  (IPv4: 127.0.0.1) port 9080.
[8/17/17 14:29:54:591 IST] 0000002c com.ibm.ws.app.manager.AppMessageHelper                      I CWWKZ0018I: Starting application ExcelDownload.
[8/17/17 14:29:54:996 IST] 0000002c m.ibm.ws.container.service.app.deploy.ManifestClassPathUtils W SRVE9967W: The manifest class path pdq.jar can not be found in jar file file:/C:/Users/IBM_ADMIN/Desktop/CTEBA/workSpace/ExcelDownload/WebContent/WEB-INF/lib/db2jcc.jar or its parent.
[8/17/17 14:29:55:876 IST] 0000002c m.ibm.ws.container.service.app.deploy.ManifestClassPathUtils W SRVE9967W: The manifest class path pdq.jar can not be found in jar file file:/C:/Users/IBM_ADMIN/Desktop/CTEBA/workSpace/ExcelDownload/WebContent/WEB-INF/lib/db2jcc.jar or its parent.
[8/17/17 14:29:59:311 IST] 0000002c com.ibm.ws.session.WASSessionCore                            I SESN8501I: The session manager did not find a persistent storage location; HttpSession objects will be stored in the local application server's memory.
[8/17/17 14:29:59:319 IST] 0000002c com.ibm.ws.webcontainer.osgi.webapp.WebGroup                 I SRVE0169I: Loading Web Module: ExcelDownload.
[8/17/17 14:29:59:322 IST] 0000002c com.ibm.ws.webcontainer                                      I SRVE0250I: Web Module ExcelDownload has been bound to default_host.
[8/17/17 14:29:59:323 IST] 0000002c com.ibm.ws.http.internal.VirtualHostImpl                     A CWWKT0016I: Web application available (default_host): http://localhost:9080/ExcelDownload/
[8/17/17 14:29:59:350 IST] 0000002c com.ibm.ws.app.manager.AppMessageHelper                      A CWWKZ0001I: Application ExcelDownload started in 4.760 seconds.
[8/17/17 14:29:59:403 IST] 0000001f com.ibm.ws.kernel.feature.internal.FeatureManager            A CWWKF0012I: The server installed the following features: [servlet-3.1, jndi-1.0, json-1.0, localConnector-1.0, jdbc-4.1, jaxrs-2.0, jpa-2.1, jaxrsClient-2.0].
[8/17/17 14:29:59:404 IST] 0000001f com.ibm.ws.kernel.feature.internal.FeatureManager            I CWWKF0008I: Feature update completed in 9.374 seconds.
[8/17/17 14:29:59:404 IST] 0000001f com.ibm.ws.kernel.feature.internal.FeatureManager            A CWWKF0011I: The server defaultServer is ready to run a smarter planet.
[8/17/17 14:30:00:010 IST] 0000002a com.ibm.ws.webcontainer.osgi.mbeans.PluginGenerator          I SRVE9103I: A configuration file for a web server plugin was automatically generated for this server at C:\wlp\usr\servers\defaultServer\logs\state\plugin-cfg.xml.
[8/17/17 14:30:00:131 IST] 00000029 com.ibm.ws.session.WASSessionCore                            I SESN0176I: A new session context will be created for application key default_host/ExcelDownload
[8/17/17 14:30:00:162 IST] 00000029 com.ibm.ws.util                                              I SESN0172I: The session manager is using the Java default SecureRandom implementation for session ID generation.
[8/17/17 14:30:16:507 IST] 00000022 .ibm.ws.jaxrs.2.0.common:1.0.16.cl170120170227-0220(id=115)] I Setting the server's publish address to be /rest/
[8/17/17 14:30:16:738 IST] 00000022 com.ibm.ws.webcontainer.servlet                              I SRVE0242I: [ExcelDownload] [/ExcelDownload] [excel.ExcelApplication]: Initialization successful.
[8/17/17 15:47:54:560 IST] 0000020d com.ibm.ws.runtime.update.internal.RuntimeUpdateManagerImpl  A CWWKE1100I: Waiting for up to 30 seconds for the server to quiesce.
[8/17/17 15:47:54:566 IST] 0000020e com.ibm.ws.tcpchannel.internal.TCPChannel                    I CWWKO0220I: TCP Channel defaultHttpEndpoint has stopped listening for requests on host 127.0.0.1  (IPv4: 127.0.0.1) port 9080.
[8/17/17 15:47:54:567 IST] 0000020e com.ibm.ws.http.internal.VirtualHostImpl                     A CWWKT0017I: Web application removed (default_host): http://localhost:9080/ExcelDownload/
[8/17/17 15:47:54:569 IST] 0000020d com.ibm.ws.runtime.update.internal.RuntimeUpdateManagerImpl  I CWWKE1101I: Server quiesce complete.
[8/17/17 15:47:54:604 IST] 000001ee com.ibm.ws.webcontainer.servlet                              I SRVE0253I: [ExcelDownload] [/ExcelDownload] [excel.ExcelApplication]: Destroy successful.
[8/17/17 15:47:54:646 IST] 000001ee eclipselink.server                                           I CWWJP9990I: Detected server platform: org.eclipse.persistence.platform.server.was.WebSphere_Liberty_Platform.
[8/17/17 15:47:54:675 IST] 000001ee com.ibm.ws.app.manager.AppMessageHelper                      A CWWKZ0009I: The application ExcelDownload has stopped successfully.
[8/17/17 15:47:54:996 IST] 00000001 com.ibm.ws.kernel.launch.internal.FrameworkManager           A CWWKE0036I: The server defaultServer stopped after 1 hours, 18 minutes, 8.633 seconds.
